Collecting fastapi==0.116.1
  Using cached fastapi-0.116.1-py3-none-any.whl.metadata (28 kB)
Collecting httpx==0.28.1
  Using cached httpx-0.28.1-py3-none-any.whl.metadata (7.1 kB)
Collecting sqlalchemy==2.0.43
  Downloading sqlalchemy-2.0.43-py3-none-any.whl.metadata (9.6 kB)
Collecting pydantic-settings==2.10.1
  Using cached pydantic_settings-2.10.1-py3-none-any.whl.metadata (3.4 kB)
Collecting starlette<0.48.0,>=0.40.0 (from fastapi==0.116.1)
  Using cached starlette-0.47.3-py3-none-any.whl.metadata (6.2 kB)
Collecting pydantic!=1.8,!=1.8.1,!=2.0.0,!=2.0.1,!=2.1.0,<3.0.0,>=1.7.4 (from fastapi==0.116.1)
  Using cached pydantic-2.13.4-py3-none-any.whl.metadata (109 kB)
Collecting typing-extensions>=4.8.0 (from fastapi==0.116.1)
  Using cached typing_extensions-4.16.0-py3-none-any.whl.metadata (3.3 kB)
Collecting anyio (from httpx==0.28.1)
  Using cached anyio-4.14.2-py3-none-any.whl.metadata (4.6 kB)
Collecting certifi (from httpx==0.28.1)
  Using cached certifi-2026.6.17-py3-none-any.whl.metadata (2.5 kB)
Collecting httpcore==1.* (from httpx==0.28.1)
  Using cached httpcore-1.0.9-py3-none-any.whl.metadata (21 kB)
Collecting idna (from httpx==0.28.1)
  Using cached idna-3.18-py3-none-any.whl.metadata (6.1 kB)
Collecting python-dotenv>=0.21.0 (from pydantic-settings==2.10.1)
  Using cached python_dotenv-1.2.2-py3-none-any.whl.metadata (27 kB)
Collecting typing-inspection>=0.4.0 (from pydantic-settings==2.10.1)
  Using cached typing_inspection-0.4.2-py3-none-any.whl.metadata (2.6 kB)
Collecting h11>=0.16 (from httpcore==1.*->httpx==0.28.1)
  Using cached h11-0.16.0-py3-none-any.whl.metadata (8.3 kB)
Collecting annotated-types>=0.6.0 (from pydantic!=1.8,!=1.8.1,!=2.0.0,!=2.0.1,!=2.1.0,<3.0.0,>=1.7.4->fastapi==0.116.1)
  Using cached annotated_types-0.7.0-py3-none-any.whl.metadata (15 kB)
Collecting pydantic-core==2.46.4 (from pydantic!=1.8,!=1.8.1,!=2.0.0,!=2.0.1,!=2.1.0,<3.0.0,>=1.7.4->fastapi==0.116.1)
  Downloading pydantic_core-2.46.4-cp314-cp314-win_amd64.whl.metadata (6.7 kB)
Using cached fastapi-0.116.1-py3-none-any.whl (95 kB)
Using cached httpx-0.28.1-py3-none-any.whl (73 kB)
Downloading sqlalchemy-2.0.43-py3-none-any.whl (1.9 MB)
   ---------------------------------------- 1.9/1.9 MB 24.4 MB/s  0:00:00
Using cached pydantic_settings-2.10.1-py3-none-any.whl (45 kB)
Using cached httpcore-1.0.9-py3-none-any.whl (78 kB)
Using cached pydantic-2.13.4-py3-none-any.whl (472 kB)
Downloading pydantic_core-2.46.4-cp314-cp314-win_amd64.whl (2.1 MB)
   ---------------------------------------- 2.1/2.1 MB 27.5 MB/s  0:00:00
Using cached starlette-0.47.3-py3-none-any.whl (72 kB)
Using cached anyio-4.14.2-py3-none-any.whl (125 kB)
Using cached annotated_types-0.7.0-py3-none-any.whl (13 kB)
Using cached h11-0.16.0-py3-none-any.whl (37 kB)
Using cached idna-3.18-py3-none-any.whl (65 kB)
Using cached python_dotenv-1.2.2-py3-none-any.whl (22 kB)
Using cached typing_extensions-4.16.0-py3-none-any.whl (45 kB)
Using cached typing_inspection-0.4.2-py3-none-any.whl (14 kB)
Using cached certifi-2026.6.17-py3-none-any.whl (133 kB)
Installing collected packages: typing-extensions, python-dotenv, idna, h11, certifi, annotated-types, typing-inspection, sqlalchemy, pydantic-core, httpcore, anyio, starlette, pydantic, httpx, pydantic-settings, fastapi

Successfully installed annotated-types-0.7.0 anyio-4.14.2 certifi-2026.6.17 fastapi-0.116.1 h11-0.16.0 httpcore-1.0.9 httpx-0.28.1 idna-3.18 pydantic-2.13.4 pydantic-core-2.46.4 pydantic-settings-2.10.1 python-dotenv-1.2.2 sqlalchemy-2.0.43 starlette-0.47.3 typing-extensions-4.16.0 typing-inspection-0.4.2
