  error: subprocess-exited-with-error
  
  Building wheel for shapely (pyproject.toml) did not run successfully.
  exit code: 1
  
  [184 lines of output]
  Could not find geos-config executable. Either append the path to geos-config to PATH or manually provide the include_dirs, library_dirs, libraries and other link args for compiling against a GEOS version >=3.9.
  C:\Users\Anonymous\AppData\Local\Temp\pip-build-env-r73eu998\overlay\Lib\site-packages\setuptools\config\_apply_pyprojecttoml.py:82: SetuptoolsDeprecationWarning: `project.license` as a TOML table is deprecated
  !!
  
          ********************************************************************************
          Please use a simple string containing a SPDX expression for `project.license`. You can also use `project.license-files`. (Both options available on setuptools>=77.0.0).
  
          By 2027-Feb-18, you need to update your project and remove deprecated calls
          or your builds will no longer be supported.
  
          See https://packaging.python.org/en/latest/guides/writing-pyproject-toml/#license for details.
          ********************************************************************************
  
  !!
    corresp(dist, value, root_dir)
  C:\Users\Anonymous\AppData\Local\Temp\pip-build-env-r73eu998\overlay\Lib\site-packages\setuptools\config\_apply_pyprojecttoml.py:61: SetuptoolsDeprecationWarning: License classifiers are deprecated.
  !!
  
          ********************************************************************************
          Please consider removing the following classifiers in favor of a SPDX license expression:
  
          License :: OSI Approved :: BSD License
  
          See https://packaging.python.org/en/latest/guides/writing-pyproject-toml/#license for details.
          ********************************************************************************
  
  !!
    dist._finalize_license_expression()
  C:\Users\Anonymous\AppData\Local\Temp\pip-build-env-r73eu998\overlay\Lib\site-packages\setuptools\dist.py:765: SetuptoolsDeprecationWarning: License classifiers are deprecated.
  !!
  
          ********************************************************************************
          Please consider removing the following classifiers in favor of a SPDX license expression:
  
          License :: OSI Approved :: BSD License
  
          See https://packaging.python.org/en/latest/guides/writing-pyproject-toml/#license for details.
          ********************************************************************************
  
  !!
    self._finalize_license_expression()
  running bdist_wheel
  running build
  running build_py
  creating build\lib.win-amd64-cpython-314\shapely
  copying shapely\affinity.py -> build\lib.win-amd64-cpython-314\shapely
  copying shapely\conftest.py -> build\lib.win-amd64-cpython-314\shapely
  copying shapely\constructive.py -> build\lib.win-amd64-cpython-314\shapely
  copying shapely\coordinates.py -> build\lib.win-amd64-cpython-314\shapely
  copying shapely\coords.py -> build\lib.win-amd64-cpython-314\shapely
  copying shapely\creation.py -> build\lib.win-amd64-cpython-314\shapely
  copying shapely\decorators.py -> build\lib.win-amd64-cpython-314\shapely
  copying shapely\errors.py -> build\lib.win-amd64-cpython-314\shapely
  copying shapely\geos.py -> build\lib.win-amd64-cpython-314\shapely
  copying shapely\io.py -> build\lib.win-amd64-cpython-314\shapely
  copying shapely\linear.py -> build\lib.win-amd64-cpython-314\shapely
  copying shapely\measurement.py -> build\lib.win-amd64-cpython-314\shapely
  copying shapely\ops.py -> build\lib.win-amd64-cpython-314\shapely
  copying shapely\plotting.py -> build\lib.win-amd64-cpython-314\shapely
  copying shapely\predicates.py -> build\lib.win-amd64-cpython-314\shapely
  copying shapely\prepared.py -> build\lib.win-amd64-cpython-314\shapely
  copying shapely\set_operations.py -> build\lib.win-amd64-cpython-314\shapely
  copying shapely\speedups.py -> build\lib.win-amd64-cpython-314\shapely
  copying shapely\strtree.py -> build\lib.win-amd64-cpython-314\shapely
  copying shapely\testing.py -> build\lib.win-amd64-cpython-314\shapely
  copying shapely\validation.py -> build\lib.win-amd64-cpython-314\shapely
  copying shapely\wkb.py -> build\lib.win-amd64-cpython-314\shapely
  copying shapely\wkt.py -> build\lib.win-amd64-cpython-314\shapely
  copying shapely\_coverage.py -> build\lib.win-amd64-cpython-314\shapely
  copying shapely\_enum.py -> build\lib.win-amd64-cpython-314\shapely
  copying shapely\_geometry.py -> build\lib.win-amd64-cpython-314\shapely
  copying shapely\_ragged_array.py -> build\lib.win-amd64-cpython-314\shapely
  copying shapely\_version.py -> build\lib.win-amd64-cpython-314\shapely
  copying shapely\__init__.py -> build\lib.win-amd64-cpython-314\shapely
  creating build\lib.win-amd64-cpython-314\shapely\algorithms
  copying shapely\algorithms\cga.py -> build\lib.win-amd64-cpython-314\shapely\algorithms
  copying shapely\algorithms\polylabel.py -> build\lib.win-amd64-cpython-314\shapely\algorithms
  copying shapely\algorithms\_oriented_envelope.py -> build\lib.win-amd64-cpython-314\shapely\algorithms
  copying shapely\algorithms\__init__.py -> build\lib.win-amd64-cpython-314\shapely\algorithms
  creating build\lib.win-amd64-cpython-314\shapely\geometry
  copying shapely\geometry\base.py -> build\lib.win-amd64-cpython-314\shapely\geometry
  copying shapely\geometry\collection.py -> build\lib.win-amd64-cpython-314\shapely\geometry
  copying shapely\geometry\geo.py -> build\lib.win-amd64-cpython-314\shapely\geometry
  copying shapely\geometry\linestring.py -> build\lib.win-amd64-cpython-314\shapely\geometry
  copying shapely\geometry\multilinestring.py -> build\lib.win-amd64-cpython-314\shapely\geometry
  copying shapely\geometry\multipoint.py -> build\lib.win-amd64-cpython-314\shapely\geometry
  copying shapely\geometry\multipolygon.py -> build\lib.win-amd64-cpython-314\shapely\geometry
  copying shapely\geometry\point.py -> build\lib.win-amd64-cpython-314\shapely\geometry
  copying shapely\geometry\polygon.py -> build\lib.win-amd64-cpython-314\shapely\geometry
  copying shapely\geometry\__init__.py -> build\lib.win-amd64-cpython-314\shapely\geometry
  creating build\lib.win-amd64-cpython-314\shapely\tests
  copying shapely\tests\common.py -> build\lib.win-amd64-cpython-314\shapely\tests
  copying shapely\tests\test_constructive.py -> build\lib.win-amd64-cpython-314\shapely\tests
  copying shapely\tests\test_coordinates.py -> build\lib.win-amd64-cpython-314\shapely\tests
  copying shapely\tests\test_coverage.py -> build\lib.win-amd64-cpython-314\shapely\tests
  copying shapely\tests\test_creation.py -> build\lib.win-amd64-cpython-314\shapely\tests
  copying shapely\tests\test_creation_indices.py -> build\lib.win-amd64-cpython-314\shapely\tests
  copying shapely\tests\test_decorators.py -> build\lib.win-amd64-cpython-314\shapely\tests
  copying shapely\tests\test_geometry.py -> build\lib.win-amd64-cpython-314\shapely\tests
  copying shapely\tests\test_io.py -> build\lib.win-amd64-cpython-314\shapely\tests
  copying shapely\tests\test_linear.py -> build\lib.win-amd64-cpython-314\shapely\tests
  copying shapely\tests\test_measurement.py -> build\lib.win-amd64-cpython-314\shapely\tests
  copying shapely\tests\test_misc.py -> build\lib.win-amd64-cpython-314\shapely\tests
  copying shapely\tests\test_plotting.py -> build\lib.win-amd64-cpython-314\shapely\tests
  copying shapely\tests\test_predicates.py -> build\lib.win-amd64-cpython-314\shapely\tests
  copying shapely\tests\test_ragged_array.py -> build\lib.win-amd64-cpython-314\shapely\tests
  copying shapely\tests\test_set_operations.py -> build\lib.win-amd64-cpython-314\shapely\tests
  copying shapely\tests\test_strtree.py -> build\lib.win-amd64-cpython-314\shapely\tests
  copying shapely\tests\test_testing.py -> build\lib.win-amd64-cpython-314\shapely\tests
  copying shapely\tests\__init__.py -> build\lib.win-amd64-cpython-314\shapely\tests
  creating build\lib.win-amd64-cpython-314\shapely\vectorized
  copying shapely\vectorized\__init__.py -> build\lib.win-amd64-cpython-314\shapely\vectorized
  creating build\lib.win-amd64-cpython-314\shapely\tests\geometry
  copying shapely\tests\geometry\test_collection.py -> build\lib.win-amd64-cpython-314\shapely\tests\geometry
  copying shapely\tests\geometry\test_coords.py -> build\lib.win-amd64-cpython-314\shapely\tests\geometry
  copying shapely\tests\geometry\test_decimal.py -> build\lib.win-amd64-cpython-314\shapely\tests\geometry
  copying shapely\tests\geometry\test_emptiness.py -> build\lib.win-amd64-cpython-314\shapely\tests\geometry
  copying shapely\tests\geometry\test_equality.py -> build\lib.win-amd64-cpython-314\shapely\tests\geometry
  copying shapely\tests\geometry\test_format.py -> build\lib.win-amd64-cpython-314\shapely\tests\geometry
  copying shapely\tests\geometry\test_geometry_base.py -> build\lib.win-amd64-cpython-314\shapely\tests\geometry
  copying shapely\tests\geometry\test_hash.py -> build\lib.win-amd64-cpython-314\shapely\tests\geometry
  copying shapely\tests\geometry\test_linestring.py -> build\lib.win-amd64-cpython-314\shapely\tests\geometry
  copying shapely\tests\geometry\test_multi.py -> build\lib.win-amd64-cpython-314\shapely\tests\geometry
  copying shapely\tests\geometry\test_multilinestring.py -> build\lib.win-amd64-cpython-314\shapely\tests\geometry
  copying shapely\tests\geometry\test_multipoint.py -> build\lib.win-amd64-cpython-314\shapely\tests\geometry
  copying shapely\tests\geometry\test_multipolygon.py -> build\lib.win-amd64-cpython-314\shapely\tests\geometry
  copying shapely\tests\geometry\test_point.py -> build\lib.win-amd64-cpython-314\shapely\tests\geometry
  copying shapely\tests\geometry\test_polygon.py -> build\lib.win-amd64-cpython-314\shapely\tests\geometry
  copying shapely\tests\geometry\__init__.py -> build\lib.win-amd64-cpython-314\shapely\tests\geometry
  creating build\lib.win-amd64-cpython-314\shapely\tests\legacy
  copying shapely\tests\legacy\conftest.py -> build\lib.win-amd64-cpython-314\shapely\tests\legacy
  copying shapely\tests\legacy\test_affinity.py -> build\lib.win-amd64-cpython-314\shapely\tests\legacy
  copying shapely\tests\legacy\test_box.py -> build\lib.win-amd64-cpython-314\shapely\tests\legacy
  copying shapely\tests\legacy\test_buffer.py -> build\lib.win-amd64-cpython-314\shapely\tests\legacy
  copying shapely\tests\legacy\test_cga.py -> build\lib.win-amd64-cpython-314\shapely\tests\legacy
  copying shapely\tests\legacy\test_clip_by_rect.py -> build\lib.win-amd64-cpython-314\shapely\tests\legacy
  copying shapely\tests\legacy\test_create_inconsistent_dimensionality.py -> build\lib.win-amd64-cpython-314\shapely\tests\legacy
  copying shapely\tests\legacy\test_delaunay.py -> build\lib.win-amd64-cpython-314\shapely\tests\legacy
  copying shapely\tests\legacy\test_empty_polygons.py -> build\lib.win-amd64-cpython-314\shapely\tests\legacy
  copying shapely\tests\legacy\test_equality.py -> build\lib.win-amd64-cpython-314\shapely\tests\legacy
  copying shapely\tests\legacy\test_geointerface.py -> build\lib.win-amd64-cpython-314\shapely\tests\legacy
  copying shapely\tests\legacy\test_invalid_geometries.py -> build\lib.win-amd64-cpython-314\shapely\tests\legacy
  copying shapely\tests\legacy\test_linear_referencing.py -> build\lib.win-amd64-cpython-314\shapely\tests\legacy
  copying shapely\tests\legacy\test_linemerge.py -> build\lib.win-amd64-cpython-314\shapely\tests\legacy
  copying shapely\tests\legacy\test_locale.py -> build\lib.win-amd64-cpython-314\shapely\tests\legacy
  copying shapely\tests\legacy\test_make_valid.py -> build\lib.win-amd64-cpython-314\shapely\tests\legacy
  copying shapely\tests\legacy\test_mapping.py -> build\lib.win-amd64-cpython-314\shapely\tests\legacy
  copying shapely\tests\legacy\test_minimum_clearance.py -> build\lib.win-amd64-cpython-314\shapely\tests\legacy
  copying shapely\tests\legacy\test_ndarrays.py -> build\lib.win-amd64-cpython-314\shapely\tests\legacy
  copying shapely\tests\legacy\test_nearest.py -> build\lib.win-amd64-cpython-314\shapely\tests\legacy
  copying shapely\tests\legacy\test_operations.py -> build\lib.win-amd64-cpython-314\shapely\tests\legacy
  copying shapely\tests\legacy\test_operators.py -> build\lib.win-amd64-cpython-314\shapely\tests\legacy
  copying shapely\tests\legacy\test_orient.py -> build\lib.win-amd64-cpython-314\shapely\tests\legacy
  copying shapely\tests\legacy\test_parallel_offset.py -> build\lib.win-amd64-cpython-314\shapely\tests\legacy
  copying shapely\tests\legacy\test_persist.py -> build\lib.win-amd64-cpython-314\shapely\tests\legacy
  copying shapely\tests\legacy\test_pickle.py -> build\lib.win-amd64-cpython-314\shapely\tests\legacy
  copying shapely\tests\legacy\test_polygonize.py -> build\lib.win-amd64-cpython-314\shapely\tests\legacy
  copying shapely\tests\legacy\test_polylabel.py -> build\lib.win-amd64-cpython-314\shapely\tests\legacy
  copying shapely\tests\legacy\test_predicates.py -> build\lib.win-amd64-cpython-314\shapely\tests\legacy
  copying shapely\tests\legacy\test_prepared.py -> build\lib.win-amd64-cpython-314\shapely\tests\legacy
  copying shapely\tests\legacy\test_products_z.py -> build\lib.win-amd64-cpython-314\shapely\tests\legacy
  copying shapely\tests\legacy\test_shape.py -> build\lib.win-amd64-cpython-314\shapely\tests\legacy
  copying shapely\tests\legacy\test_shared_paths.py -> build\lib.win-amd64-cpython-314\shapely\tests\legacy
  copying shapely\tests\legacy\test_singularity.py -> build\lib.win-amd64-cpython-314\shapely\tests\legacy
  copying shapely\tests\legacy\test_snap.py -> build\lib.win-amd64-cpython-314\shapely\tests\legacy
  copying shapely\tests\legacy\test_split.py -> build\lib.win-amd64-cpython-314\shapely\tests\legacy
  copying shapely\tests\legacy\test_substring.py -> build\lib.win-amd64-cpython-314\shapely\tests\legacy
  copying shapely\tests\legacy\test_svg.py -> build\lib.win-amd64-cpython-314\shapely\tests\legacy
  copying shapely\tests\legacy\test_transform.py -> build\lib.win-amd64-cpython-314\shapely\tests\legacy
  copying shapely\tests\legacy\test_union.py -> build\lib.win-amd64-cpython-314\shapely\tests\legacy
  copying shapely\tests\legacy\test_validation.py -> build\lib.win-amd64-cpython-314\shapely\tests\legacy
  copying shapely\tests\legacy\test_vectorized.py -> build\lib.win-amd64-cpython-314\shapely\tests\legacy
  copying shapely\tests\legacy\test_voronoi_diagram.py -> build\lib.win-amd64-cpython-314\shapely\tests\legacy
  copying shapely\tests\legacy\test_wkb.py -> build\lib.win-amd64-cpython-314\shapely\tests\legacy
  copying shapely\tests\legacy\test_wkt.py -> build\lib.win-amd64-cpython-314\shapely\tests\legacy
  copying shapely\tests\legacy\threading_test.py -> build\lib.win-amd64-cpython-314\shapely\tests\legacy
  copying shapely\tests\legacy\__init__.py -> build\lib.win-amd64-cpython-314\shapely\tests\legacy
  copying shapely\_geos.pxd -> build\lib.win-amd64-cpython-314\shapely
  copying shapely\_pygeos_api.pxd -> build\lib.win-amd64-cpython-314\shapely
  UPDATING build\lib.win-amd64-cpython-314\shapely/_version.py
  set build\lib.win-amd64-cpython-314\shapely/_version.py to '2.1.1'
  running build_ext
  building 'shapely.lib' extension
  error: Microsoft Visual C++ 14.0 or greater is required. Get it with "Microsoft C++ Build Tools": https://visualstudio.microsoft.com/visual-cpp-build-tools/
  [end of output]
  
  note: This error originates from a subprocess, and is likely not a problem with pip.
  ERROR: Failed building wheel for shapely
error: failed-wheel-build-for-install

Failed to build installable wheels for some pyproject.toml based projects

shapely
